<?xml version="1.0" encoding="UTF-8"?>
<!-- Generated by org.testng.reporters.JUnitXMLReporter -->
<testsuite ignored="0" hostname="L-158032554" failures="3" tests="4" name="Default test" time="41.151" errors="0" timestamp="2023-11-28T18:29:06 IST">
  <testcase classname="io.cucumber.testng.AbstractTestNGCucumberTests" name="runScenario" time="11.285">
    <failure type="java.lang.NullPointerException" message="Cannot invoke &amp;quot;org.openqa.selenium.support.ui.WebDriverWait.until(java.util.function.Function)&amp;quot; because the return value of &amp;quot;BaseTest.PageContext.getWait()&amp;quot; is null">
      <![CDATA[java.lang.NullPointerException: Cannot invoke "org.openqa.selenium.support.ui.WebDriverWait.until(java.util.function.Function)" because the return value of "BaseTest.PageContext.getWait()" is null
at PageObject.LoginPage.Loginshouldbesuccess(LoginPage.java:51)
at PageObject.LoginPage.userShouldLoginAsAnd(LoginPage.java:76)
at ✽.User should login as "ortoni" and "pass1234"(file:///C:/Users/GO20382992/eclipse-workspace/Cucumber/src/test/java/featureFile/addToCart.feature:10)
]]>
    </failure>
  </testcase> <!-- runScenario -->
  <testcase classname="io.cucumber.testng.AbstractTestNGCucumberTests" name="runScenario" time="9.779">
    <failure type="java.lang.NullPointerException" message="Cannot invoke &amp;quot;org.openqa.selenium.support.ui.WebDriverWait.until(java.util.function.Function)&amp;quot; because the return value of &amp;quot;BaseTest.PageContext.getWait()&amp;quot; is null">
      <![CDATA[java.lang.NullPointerException: Cannot invoke "org.openqa.selenium.support.ui.WebDriverWait.until(java.util.function.Function)" because the return value of "BaseTest.PageContext.getWait()" is null
at PageObject.LoginPage.Loginshouldbesuccess(LoginPage.java:51)
at PageObject.LoginPage.userShouldLoginAsAnd(LoginPage.java:76)
at ✽.User should login as "ortonikc" and "pass1234"(file:///C:/Users/GO20382992/eclipse-workspace/Cucumber/src/test/java/featureFile/addToCart.feature:10)
]]>
    </failure>
  </testcase> <!-- runScenario -->
  <testcase classname="io.cucumber.testng.AbstractTestNGCucumberTests" name="runScenario" time="9.33">
    <failure type="java.lang.NullPointerException" message="Cannot invoke &amp;quot;org.openqa.selenium.support.ui.WebDriverWait.until(java.util.function.Function)&amp;quot; because the return value of &amp;quot;BaseTest.PageContext.getWait()&amp;quot; is null">
      <![CDATA[java.lang.NullPointerException: Cannot invoke "org.openqa.selenium.support.ui.WebDriverWait.until(java.util.function.Function)" because the return value of "BaseTest.PageContext.getWait()" is null
at PageObject.LoginPage.Loginshouldbesuccess(LoginPage.java:51)
at ✽.Login should be success(file:///C:/Users/GO20382992/eclipse-workspace/Cucumber/src/test/java/featureFile/login.feature:15)
]]>
    </failure>
  </testcase> <!-- runScenario -->
  <testcase classname="io.cucumber.testng.AbstractTestNGCucumberTests" name="runScenario" time="9.554"/>
</testsuite> <!-- Default test -->
