<?xml version="1.0" encoding="UTF-8"?>
<!-- Generated by org.testng.reporters.JUnitReportReporter -->
<testsuite hostname="L-158032554" failures="0" tests="4" name="TestRunner.Runner" time="39.948" errors="3" timestamp="2023-11-28T18:29:07 IST" skipped="0">
  <testcase classname="TestRunner.Runner" name="runScenario" time="11.285">
    <error message="Cannot invoke &quot;org.openqa.selenium.support.ui.WebDriverWait.until(java.util.function.Function)&quot; because the return value of &quot;BaseTest.PageContext.getWait()&quot; is null" type="java.lang.NullPointerException">
      <![CDATA[java.lang.NullPointerException: Cannot invoke "org.openqa.selenium.support.ui.WebDriverWait.until(java.util.function.Function)" because the return value of "BaseTest.PageContext.getWait()" is null
at PageObject.LoginPage.Loginshouldbesuccess(LoginPage.java:51)
at PageObject.LoginPage.userShouldLoginAsAnd(LoginPage.java:76)
at ✽.User should login as "ortoni" and "pass1234"(file:///C:/Users/GO20382992/eclipse-workspace/Cucumber/src/test/java/featureFile/addToCart.feature:10)
]]>
    </error>
  </testcase> <!-- runScenario -->
  <testcase classname="TestRunner.Runner" name="runScenario" time="9.554"/>
  <testcase classname="TestRunner.Runner" name="runScenario" time="9.330">
    <error message="Cannot invoke &quot;org.openqa.selenium.support.ui.WebDriverWait.until(java.util.function.Function)&quot; because the return value of &quot;BaseTest.PageContext.getWait()&quot; is null" type="java.lang.NullPointerException">
      <![CDATA[java.lang.NullPointerException: Cannot invoke "org.openqa.selenium.support.ui.WebDriverWait.until(java.util.function.Function)" because the return value of "BaseTest.PageContext.getWait()" is null
at PageObject.LoginPage.Loginshouldbesuccess(LoginPage.java:51)
at ✽.Login should be success(file:///C:/Users/GO20382992/eclipse-workspace/Cucumber/src/test/java/featureFile/login.feature:15)
]]>
    </error>
  </testcase> <!-- runScenario -->
  <testcase classname="TestRunner.Runner" name="runScenario" time="9.779">
    <error message="Cannot invoke &quot;org.openqa.selenium.support.ui.WebDriverWait.until(java.util.function.Function)&quot; because the return value of &quot;BaseTest.PageContext.getWait()&quot; is null" type="java.lang.NullPointerException">
      <![CDATA[java.lang.NullPointerException: Cannot invoke "org.openqa.selenium.support.ui.WebDriverWait.until(java.util.function.Function)" because the return value of "BaseTest.PageContext.getWait()" is null
at PageObject.LoginPage.Loginshouldbesuccess(LoginPage.java:51)
at PageObject.LoginPage.userShouldLoginAsAnd(LoginPage.java:76)
at ✽.User should login as "ortonikc" and "pass1234"(file:///C:/Users/GO20382992/eclipse-workspace/Cucumber/src/test/java/featureFile/addToCart.feature:10)
]]>
    </error>
  </testcase> <!-- runScenario -->
</testsuite> <!-- TestRunner.Runner -->
